# JRE version: Java(TM) SE Runtime Environment (15.0.2+7) (build 15.0.2+7-27)
# Java VM: Java HotSpot(TM) 64-Bit Server VM (15.0.2+7-27, mixed mode, sharing, tiered, compressed oops, g1 gc, windows-amd64)
GC Precious Log:
 CPUs: 8 total, 8 available
 Memory: 8000M
 Large Page Support: Disabled
 NUMA Support: Disabled
 Compressed Oops: Enabled (32-bit)
 Heap Region Size: 1M
 Heap Min Capacity: 8M
 Heap Initial Capacity: 8M
 Heap Max Capacity: 2002M
 Pre-touch: Disabled
 Parallel Workers: 8
 Concurrent Workers: 2
 Concurrent Refinement Workers: 8
 Periodic GC: Disabled
Heap:
 garbage-first heap   total 38912K, used 19785K [0x0000000082e00000, 0x0000000100000000)
  region size 1024K, 9 young (9216K), 1 survivors (1024K)
 Metaspace       used 11481K, capacity 13524K, committed 13824K, reserved 1060864K
  class space    used 1256K, capacity 1461K, committed 1536K, reserved 1048576K
GC Heap History (20 events):
Event: 0.845 GC heap before
{Heap before GC invocations=11 (full 0):
 garbage-first heap   total 13312K, used 5498K [0x0000000082e00000, 0x0000000100000000)
  region size 1024K, 2 young (2048K), 1 survivors (1024K)
 Metaspace       used 8824K, capacity 11343K, committed 11520K, reserved 1058816K
  class space    used 998K, capacity 1225K, committed 1280K, reserved 1048576K
}
Event: 0.847 GC heap after
{Heap after GC invocations=12 (full 0):
 garbage-first heap   total 13312K, used 5574K [0x0000000082e00000, 0x0000000100000000)
  region size 1024K, 1 young (1024K), 1 survivors (1024K)
 Metaspace       used 8824K, capacity 11343K, committed 11520K, reserved 1058816K
  class space    used 998K, capacity 1225K, committed 1280K, reserved 1048576K
}
Event: 0.853 GC heap before
{Heap before GC invocations=12 (full 0):
 garbage-first heap   total 13312K, used 6598K [0x0000000082e00000, 0x0000000100000000)
  region size 1024K, 2 young (2048K), 1 survivors (1024K)
 Metaspace       used 8824K, capacity 11343K, committed 11520K, reserved 1058816K
  class space    used 998K, capacity 1225K, committed 1280K, reserved 1048576K
}
Event: 0.854 GC heap after
{Heap after GC invocations=13 (full 0):
 garbage-first heap   total 16384K, used 6360K [0x0000000082e00000, 0x0000000100000000)
  region size 1024K, 1 young (1024K), 1 survivors (1024K)
 Metaspace       used 8824K, capacity 11343K, committed 11520K, reserved 1058816K
  class space    used 998K, capacity 1225K, committed 1280K, reserved 1048576K
}
Event: 0.927 GC heap before
{Heap before GC invocations=13 (full 0):
 garbage-first heap   total 16384K, used 7384K [0x0000000082e00000, 0x0000000100000000)
  region size 1024K, 3 young (3072K), 1 survivors (1024K)
 Metaspace       used 8864K, capacity 11343K, committed 11520K, reserved 1058816K
  class space    used 999K, capacity 1225K, committed 1280K, reserved 1048576K
}
Event: 0.928 GC heap after
{Heap after GC invocations=14 (full 0):
 garbage-first heap   total 16384K, used 6514K [0x0000000082e00000, 0x0000000100000000)
  region size 1024K, 1 young (1024K), 1 survivors (1024K)
 Metaspace       used 8864K, capacity 11343K, committed 11520K, reserved 1058816K
  class space    used 999K, capacity 1225K, committed 1280K, reserved 1048576K
}
Event: 1.060 GC heap before
{Heap before GC invocations=15 (full 0):
 garbage-first heap   total 16384K, used 8562K [0x0000000082e00000, 0x0000000100000000)
  region size 1024K, 3 young (3072K), 1 survivors (1024K)
 Metaspace       used 9024K, capacity 11454K, committed 11520K, reserved 1058816K
  class space    used 1023K, capacity 1262K, committed 1280K, reserved 1048576K
}
Event: 1.062 GC heap after
{Heap after GC invocations=16 (full 0):
 garbage-first heap   total 16384K, used 7354K [0x0000000082e00000, 0x0000000100000000)
  region size 1024K, 1 young (1024K), 1 survivors (1024K)
 Metaspace       used 9024K, capacity 11454K, committed 11520K, reserved 1058816K
  class space    used 1023K, capacity 1262K, committed 1280K, reserved 1048576K
}
Event: 1.115 GC heap before
{Heap before GC invocations=16 (full 0):
 garbage-first heap   total 16384K, used 9402K [0x0000000082e00000, 0x0000000100000000)
  region size 1024K, 3 young (3072K), 1 survivors (1024K)
 Metaspace       used 9192K, capacity 11527K, committed 11776K, reserved 1060864K
  class space    used 1045K, capacity 1265K, committed 1280K, reserved 1048576K
}
Event: 1.119 GC heap after
{Heap after GC invocations=17 (full 0):
 garbage-first heap   total 16384K, used 7690K [0x0000000082e00000, 0x0000000100000000)
  region size 1024K, 1 young (1024K), 1 survivors (1024K)
 Metaspace       used 9192K, capacity 11527K, committed 11776K, reserved 1060864K
  class space    used 1045K, capacity 1265K, committed 1280K, reserved 1048576K
}
Event: 1.153 GC heap before
{Heap before GC invocations=17 (full 0):
 garbage-first heap   total 16384K, used 9738K [0x0000000082e00000, 0x0000000100000000)
  region size 1024K, 3 young (3072K), 1 survivors (1024K)
 Metaspace       used 9289K, capacity 11530K, committed 11776K, reserved 1060864K
  class space    used 1052K, capacity 1266K, committed 1280K, reserved 1048576K
}
Event: 1.155 GC heap after
{Heap after GC invocations=18 (full 0):
 garbage-first heap   total 22528K, used 7884K [0x0000000082e00000, 0x0000000100000000)
  region size 1024K, 1 young (1024K), 1 survivors (1024K)
 Metaspace       used 9289K, capacity 11530K, committed 11776K, reserved 1060864K
  class space    used 1052K, capacity 1266K, committed 1280K, reserved 1048576K
}
Event: 1.188 GC heap before
{Heap before GC invocations=19 (full 0):
 garbage-first heap   total 22528K, used 13004K [0x0000000082e00000, 0x0000000100000000)
  region size 1024K, 6 young (6144K), 1 survivors (1024K)
 Metaspace       used 9327K, capacity 11594K, committed 11776K, reserved 1060864K
  class space    used 1052K, capacity 1266K, committed 1280K, reserved 1048576K
}
Event: 1.191 GC heap after
{Heap after GC invocations=20 (full 0):
 garbage-first heap   total 22528K, used 8478K [0x0000000082e00000, 0x0000000100000000)
  region size 1024K, 1 young (1024K), 1 survivors (1024K)
 Metaspace       used 9327K, capacity 11594K, committed 11776K, reserved 1060864K
  class space    used 1052K, capacity 1266K, committed 1280K, reserved 1048576K
}
Event: 1.271 GC heap before
{Heap before GC invocations=20 (full 0):
 garbage-first heap   total 22528K, used 13598K [0x0000000082e00000, 0x0000000100000000)
  region size 1024K, 6 young (6144K), 1 survivors (1024K)
 Metaspace       used 9561K, capacity 11754K, committed 11904K, reserved 1060864K
  class space    used 1072K, capacity 1298K, committed 1408K, reserved 1048576K
}
Event: 1.276 GC heap after
{Heap after GC invocations=21 (full 0):
 garbage-first heap   total 22528K, used 10137K [0x0000000082e00000, 0x0000000100000000)
  region size 1024K, 1 young (1024K), 1 survivors (1024K)
 Metaspace       used 9561K, capacity 11754K, committed 11904K, reserved 1060864K
  class space    used 1072K, capacity 1298K, committed 1408K, reserved 1048576K
}
Event: 1.332 GC heap before
{Heap before GC invocations=21 (full 0):
 garbage-first heap   total 22528K, used 14233K [0x0000000082e00000, 0x0000000100000000)
  region size 1024K, 5 young (5120K), 1 survivors (1024K)
 Metaspace       used 9787K, capacity 11950K, committed 12160K, reserved 1060864K
  class space    used 1094K, capacity 1299K, committed 1408K, reserved 1048576K
}
Event: 1.336 GC heap after
{Heap after GC invocations=22 (full 0):
 garbage-first heap   total 22528K, used 10899K [0x0000000082e00000, 0x0000000100000000)
  region size 1024K, 1 young (1024K), 1 survivors (1024K)
 Metaspace       used 9787K, capacity 11950K, committed 12160K, reserved 1060864K
  class space    used 1094K, capacity 1299K, committed 1408K, reserved 1048576K
}
Event: 1.461 GC heap before
{Heap before GC invocations=22 (full 0):
 garbage-first heap   total 22528K, used 14995K [0x0000000082e00000, 0x0000000100000000)
  region size 1024K, 5 young (5120K), 1 survivors (1024K)
 Metaspace       used 10350K, capacity 12468K, committed 12672K, reserved 1060864K
  class space    used 1157K, capacity 1365K, committed 1408K, reserved 1048576K
}
Event: 1.466 GC heap after
{Heap after GC invocations=23 (full 0):
 garbage-first heap   total 38912K, used 11593K [0x0000000082e00000, 0x0000000100000000)
  region size 1024K, 1 young (1024K), 1 survivors (1024K)
 Metaspace       used 10350K, capacity 12468K, committed 12672K, reserved 1060864K
  class space    used 1157K, capacity 1365K, committed 1408K, reserved 1048576K
}

