# JRE version: Java(TM) SE Runtime Environment (15.0.2+7) (build 15.0.2+7-27)
# Java VM: Java HotSpot(TM) 64-Bit Server VM (15.0.2+7-27, mixed mode, sharing, tiered, compressed oops, g1 gc, windows-amd64)
GC Precious Log:
 CPUs: 8 total, 8 available
 Memory: 8000M
 Large Page Support: Disabled
 NUMA Support: Disabled
 Compressed Oops: Enabled (32-bit)
 Heap Region Size: 1M
 Heap Min Capacity: 8M
 Heap Initial Capacity: 8M
 Heap Max Capacity: 2002M
 Pre-touch: Disabled
 Parallel Workers: 8
 Concurrent Workers: 2
 Concurrent Refinement Workers: 8
 Periodic GC: Disabled
Heap:
 garbage-first heap   total 41984K, used 13605K [0x0000000082e00000, 0x0000000100000000)
  region size 1024K, 3 young (3072K), 2 survivors (2048K)
 Metaspace       used 11659K, capacity 13656K, committed 13824K, reserved 1060864K
  class space    used 1261K, capacity 1462K, committed 1536K, reserved 1048576K
GC Heap History (20 events):
Event: 0.862 GC heap before
{Heap before GC invocations=12 (full 0):
 garbage-first heap   total 12288K, used 6639K [0x0000000082e00000, 0x0000000100000000)
  region size 1024K, 2 young (2048K), 1 survivors (1024K)
 Metaspace       used 8833K, capacity 11343K, committed 11520K, reserved 1058816K
  class space    used 995K, capacity 1225K, committed 1280K, reserved 1048576K
}
Event: 0.863 GC heap after
{Heap after GC invocations=13 (full 0):
 garbage-first heap   total 15360K, used 6400K [0x0000000082e00000, 0x0000000100000000)
  region size 1024K, 1 young (1024K), 1 survivors (1024K)
 Metaspace       used 8833K, capacity 11343K, committed 11520K, reserved 1058816K
  class space    used 995K, capacity 1225K, committed 1280K, reserved 1048576K
}
Event: 0.919 GC heap before
{Heap before GC invocations=13 (full 0):
 garbage-first heap   total 15360K, used 7424K [0x0000000082e00000, 0x0000000100000000)
  region size 1024K, 3 young (3072K), 1 survivors (1024K)
 Metaspace       used 8873K, capacity 11343K, committed 11520K, reserved 1058816K
  class space    used 995K, capacity 1225K, committed 1280K, reserved 1048576K
}
Event: 0.921 GC heap after
{Heap after GC invocations=14 (full 0):
 garbage-first heap   total 15360K, used 6555K [0x0000000082e00000, 0x0000000100000000)
  region size 1024K, 1 young (1024K), 1 survivors (1024K)
 Metaspace       used 8873K, capacity 11343K, committed 11520K, reserved 1058816K
  class space    used 995K, capacity 1225K, committed 1280K, reserved 1048576K
}
Event: 0.960 GC heap before
{Heap before GC invocations=15 (full 0):
 garbage-first heap   total 15360K, used 6555K [0x0000000082e00000, 0x0000000100000000)
  region size 1024K, 2 young (2048K), 1 survivors (1024K)
 Metaspace       used 8979K, capacity 11419K, committed 11520K, reserved 1058816K
  class space    used 1015K, capacity 1229K, committed 1280K, reserved 1048576K
}
Event: 0.962 GC heap after
{Heap after GC invocations=16 (full 0):
 garbage-first heap   total 15360K, used 6824K [0x0000000082e00000, 0x0000000100000000)
  region size 1024K, 1 young (1024K), 1 survivors (1024K)
 Metaspace       used 8979K, capacity 11419K, committed 11520K, reserved 1058816K
  class space    used 1015K, capacity 1229K, committed 1280K, reserved 1048576K
}
Event: 0.981 GC heap before
{Heap before GC invocations=16 (full 0):
 garbage-first heap   total 15360K, used 7848K [0x0000000082e00000, 0x0000000100000000)
  region size 1024K, 2 young (2048K), 1 survivors (1024K)
 Metaspace       used 9020K, capacity 11454K, committed 11520K, reserved 1058816K
  class space    used 1020K, capacity 1262K, committed 1280K, reserved 1048576K
}
Event: 0.984 GC heap after
{Heap after GC invocations=17 (full 0):
 garbage-first heap   total 15360K, used 7358K [0x0000000082e00000, 0x0000000100000000)
  region size 1024K, 1 young (1024K), 1 survivors (1024K)
 Metaspace       used 9020K, capacity 11454K, committed 11520K, reserved 1058816K
  class space    used 1020K, capacity 1262K, committed 1280K, reserved 1048576K
}
Event: 1.017 GC heap before
{Heap before GC invocations=18 (full 0):
 garbage-first heap   total 15360K, used 8382K [0x0000000082e00000, 0x0000000100000000)
  region size 1024K, 2 young (2048K), 1 survivors (1024K)
 Metaspace       used 9160K, capacity 11527K, committed 11776K, reserved 1060864K
  class space    used 1041K, capacity 1265K, committed 1280K, reserved 1048576K
}
Event: 1.020 GC heap after
{Heap after GC invocations=19 (full 0):
 garbage-first heap   total 21504K, used 7676K [0x0000000082e00000, 0x0000000100000000)
  region size 1024K, 1 young (1024K), 1 survivors (1024K)
 Metaspace       used 9160K, capacity 11527K, committed 11776K, reserved 1060864K
  class space    used 1041K, capacity 1265K, committed 1280K, reserved 1048576K
}
Event: 1.074 GC heap before
{Heap before GC invocations=19 (full 0):
 garbage-first heap   total 21504K, used 11772K [0x0000000082e00000, 0x0000000100000000)
  region size 1024K, 5 young (5120K), 1 survivors (1024K)
 Metaspace       used 9294K, capacity 11530K, committed 11776K, reserved 1060864K
  class space    used 1048K, capacity 1266K, committed 1280K, reserved 1048576K
}
Event: 1.076 GC heap after
{Heap after GC invocations=20 (full 0):
 garbage-first heap   total 21504K, used 8098K [0x0000000082e00000, 0x0000000100000000)
  region size 1024K, 1 young (1024K), 1 survivors (1024K)
 Metaspace       used 9294K, capacity 11530K, committed 11776K, reserved 1060864K
  class space    used 1048K, capacity 1266K, committed 1280K, reserved 1048576K
}
Event: 1.099 GC heap before
{Heap before GC invocations=20 (full 0):
 garbage-first heap   total 21504K, used 12194K [0x0000000082e00000, 0x0000000100000000)
  region size 1024K, 5 young (5120K), 1 survivors (1024K)
 Metaspace       used 9318K, capacity 11594K, committed 11776K, reserved 1060864K
  class space    used 1048K, capacity 1266K, committed 1280K, reserved 1048576K
}
Event: 1.102 GC heap after
{Heap after GC invocations=21 (full 0):
 garbage-first heap   total 21504K, used 8607K [0x0000000082e00000, 0x0000000100000000)
  region size 1024K, 1 young (1024K), 1 survivors (1024K)
 Metaspace       used 9318K, capacity 11594K, committed 11776K, reserved 1060864K
  class space    used 1048K, capacity 1266K, committed 1280K, reserved 1048576K
}
Event: 1.188 GC heap before
{Heap before GC invocations=21 (full 0):
 garbage-first heap   total 21504K, used 13727K [0x0000000082e00000, 0x0000000100000000)
  region size 1024K, 6 young (6144K), 1 survivors (1024K)
 Metaspace       used 9567K, capacity 11754K, committed 11904K, reserved 1060864K
  class space    used 1069K, capacity 1298K, committed 1408K, reserved 1048576K
}
Event: 1.192 GC heap after
{Heap after GC invocations=22 (full 0):
 garbage-first heap   total 21504K, used 10094K [0x0000000082e00000, 0x0000000100000000)
  region size 1024K, 1 young (1024K), 1 survivors (1024K)
 Metaspace       used 9567K, capacity 11754K, committed 11904K, reserved 1060864K
  class space    used 1069K, capacity 1298K, committed 1408K, reserved 1048576K
}
Event: 1.242 GC heap before
{Heap before GC invocations=22 (full 0):
 garbage-first heap   total 21504K, used 14190K [0x0000000082e00000, 0x0000000100000000)
  region size 1024K, 5 young (5120K), 1 survivors (1024K)
 Metaspace       used 9712K, capacity 11886K, committed 12160K, reserved 1060864K
  class space    used 1088K, capacity 1299K, committed 1408K, reserved 1048576K
}
Event: 1.246 GC heap after
{Heap after GC invocations=23 (full 0):
 garbage-first heap   total 41984K, used 10814K [0x0000000082e00000, 0x0000000100000000)
  region size 1024K, 1 young (1024K), 1 survivors (1024K)
 Metaspace       used 9712K, capacity 11886K, committed 12160K, reserved 1060864K
  class space    used 1088K, capacity 1299K, committed 1408K, reserved 1048576K
}
Event: 1.741 GC heap before
{Heap before GC invocations=23 (full 0):
 garbage-first heap   total 41984K, used 24126K [0x0000000082e00000, 0x0000000100000000)
  region size 1024K, 13 young (13312K), 1 survivors (1024K)
 Metaspace       used 11553K, capacity 13589K, committed 13824K, reserved 1060864K
  class space    used 1254K, capacity 1461K, committed 1536K, reserved 1048576K
}
Event: 1.749 GC heap after
{Heap after GC invocations=24 (full 0):
 garbage-first heap   total 41984K, used 13605K [0x0000000082e00000, 0x0000000100000000)
  region size 1024K, 2 young (2048K), 2 survivors (2048K)
 Metaspace       used 11553K, capacity 13589K, committed 13824K, reserved 1060864K
  class space    used 1254K, capacity 1461K, committed 1536K, reserved 1048576K
}

