# JRE version: Java(TM) SE Runtime Environment (15.0.2+7) (build 15.0.2+7-27)
# Java VM: Java HotSpot(TM) 64-Bit Server VM (15.0.2+7-27, mixed mode, sharing, tiered, compressed oops, g1 gc, windows-amd64)
GC Precious Log:
 CPUs: 8 total, 8 available
 Memory: 8000M
 Large Page Support: Disabled
 NUMA Support: Disabled
 Compressed Oops: Enabled (32-bit)
 Heap Region Size: 1M
 Heap Min Capacity: 8M
 Heap Initial Capacity: 8M
 Heap Max Capacity: 2002M
 Pre-touch: Disabled
 Parallel Workers: 8
 Concurrent Workers: 2
 Concurrent Refinement Workers: 8
 Periodic GC: Disabled
Heap:
 garbage-first heap   total 47104K, used 14780K [0x0000000082e00000, 0x0000000100000000)
  region size 1024K, 4 young (4096K), 1 survivors (1024K)
 Metaspace       used 11645K, capacity 13652K, committed 13824K, reserved 1060864K
  class space    used 1258K, capacity 1461K, committed 1536K, reserved 1048576K
GC Heap History (20 events):
Event: 0.868 GC heap before
{Heap before GC invocations=11 (full 0):
 garbage-first heap   total 13312K, used 5319K [0x0000000082e00000, 0x0000000100000000)
  region size 1024K, 2 young (2048K), 1 survivors (1024K)
 Metaspace       used 8871K, capacity 11343K, committed 11520K, reserved 1058816K
  class space    used 998K, capacity 1225K, committed 1280K, reserved 1048576K
}
Event: 0.869 GC heap after
{Heap after GC invocations=12 (full 0):
 garbage-first heap   total 13312K, used 5381K [0x0000000082e00000, 0x0000000100000000)
  region size 1024K, 1 young (1024K), 1 survivors (1024K)
 Metaspace       used 8871K, capacity 11343K, committed 11520K, reserved 1058816K
  class space    used 998K, capacity 1225K, committed 1280K, reserved 1048576K
}
Event: 0.875 GC heap before
{Heap before GC invocations=12 (full 0):
 garbage-first heap   total 13312K, used 6405K [0x0000000082e00000, 0x0000000100000000)
  region size 1024K, 2 young (2048K), 1 survivors (1024K)
 Metaspace       used 8871K, capacity 11343K, committed 11520K, reserved 1058816K
  class space    used 998K, capacity 1225K, committed 1280K, reserved 1048576K
}
Event: 0.876 GC heap after
{Heap after GC invocations=13 (full 0):
 garbage-first heap   total 16384K, used 6163K [0x0000000082e00000, 0x0000000100000000)
  region size 1024K, 1 young (1024K), 1 survivors (1024K)
 Metaspace       used 8871K, capacity 11343K, committed 11520K, reserved 1058816K
  class space    used 998K, capacity 1225K, committed 1280K, reserved 1048576K
}
Event: 0.905 GC heap before
{Heap before GC invocations=14 (full 0):
 garbage-first heap   total 16384K, used 8211K [0x0000000082e00000, 0x0000000100000000)
  region size 1024K, 3 young (3072K), 1 survivors (1024K)
 Metaspace       used 8911K, capacity 11343K, committed 11520K, reserved 1058816K
  class space    used 998K, capacity 1225K, committed 1280K, reserved 1048576K
}
Event: 0.907 GC heap after
{Heap after GC invocations=15 (full 0):
 garbage-first heap   total 16384K, used 6320K [0x0000000082e00000, 0x0000000100000000)
  region size 1024K, 1 young (1024K), 1 survivors (1024K)
 Metaspace       used 8911K, capacity 11343K, committed 11520K, reserved 1058816K
  class space    used 998K, capacity 1225K, committed 1280K, reserved 1048576K
}
Event: 0.951 GC heap before
{Heap before GC invocations=15 (full 0):
 garbage-first heap   total 16384K, used 7344K [0x0000000082e00000, 0x0000000100000000)
  region size 1024K, 3 young (3072K), 1 survivors (1024K)
 Metaspace       used 9059K, capacity 11454K, committed 11520K, reserved 1058816K
  class space    used 1023K, capacity 1262K, committed 1280K, reserved 1048576K
}
Event: 0.954 GC heap after
{Heap after GC invocations=16 (full 0):
 garbage-first heap   total 16384K, used 7142K [0x0000000082e00000, 0x0000000100000000)
  region size 1024K, 1 young (1024K), 1 survivors (1024K)
 Metaspace       used 9059K, capacity 11454K, committed 11520K, reserved 1058816K
  class space    used 1023K, capacity 1262K, committed 1280K, reserved 1048576K
}
Event: 0.991 GC heap before
{Heap before GC invocations=16 (full 0):
 garbage-first heap   total 16384K, used 9190K [0x0000000082e00000, 0x0000000100000000)
  region size 1024K, 3 young (3072K), 1 survivors (1024K)
 Metaspace       used 9224K, capacity 11527K, committed 11776K, reserved 1060864K
  class space    used 1044K, capacity 1265K, committed 1280K, reserved 1048576K
}
Event: 0.994 GC heap after
{Heap after GC invocations=17 (full 0):
 garbage-first heap   total 16384K, used 7541K [0x0000000082e00000, 0x0000000100000000)
  region size 1024K, 1 young (1024K), 1 survivors (1024K)
 Metaspace       used 9224K, capacity 11527K, committed 11776K, reserved 1060864K
  class space    used 1044K, capacity 1265K, committed 1280K, reserved 1048576K
}
Event: 1.031 GC heap before
{Heap before GC invocations=17 (full 0):
 garbage-first heap   total 16384K, used 9589K [0x0000000082e00000, 0x0000000100000000)
  region size 1024K, 3 young (3072K), 1 survivors (1024K)
 Metaspace       used 9319K, capacity 11594K, committed 11776K, reserved 1060864K
  class space    used 1051K, capacity 1266K, committed 1280K, reserved 1048576K
}
Event: 1.032 GC heap after
{Heap after GC invocations=18 (full 0):
 garbage-first heap   total 24576K, used 7676K [0x0000000082e00000, 0x0000000100000000)
  region size 1024K, 1 young (1024K), 1 survivors (1024K)
 Metaspace       used 9319K, capacity 11594K, committed 11776K, reserved 1060864K
  class space    used 1051K, capacity 1266K, committed 1280K, reserved 1048576K
}
Event: 1.161 GC heap before
{Heap before GC invocations=18 (full 0):
 garbage-first heap   total 24576K, used 13820K [0x0000000082e00000, 0x0000000100000000)
  region size 1024K, 8 young (8192K), 1 survivors (1024K)
 Metaspace       used 9601K, capacity 11754K, committed 11904K, reserved 1060864K
  class space    used 1071K, capacity 1298K, committed 1408K, reserved 1048576K
}
Event: 1.166 GC heap after
{Heap after GC invocations=19 (full 0):
 garbage-first heap   total 24576K, used 9112K [0x0000000082e00000, 0x0000000100000000)
  region size 1024K, 1 young (1024K), 1 survivors (1024K)
 Metaspace       used 9601K, capacity 11754K, committed 11904K, reserved 1060864K
  class space    used 1071K, capacity 1298K, committed 1408K, reserved 1048576K
}
Event: 1.237 GC heap before
{Heap before GC invocations=19 (full 0):
 garbage-first heap   total 24576K, used 15256K [0x0000000082e00000, 0x0000000100000000)
  region size 1024K, 7 young (7168K), 1 survivors (1024K)
 Metaspace       used 9747K, capacity 11886K, committed 12160K, reserved 1060864K
  class space    used 1090K, capacity 1299K, committed 1408K, reserved 1048576K
}
Event: 1.241 GC heap after
{Heap after GC invocations=20 (full 0):
 garbage-first heap   total 24576K, used 10422K [0x0000000082e00000, 0x0000000100000000)
  region size 1024K, 1 young (1024K), 1 survivors (1024K)
 Metaspace       used 9747K, capacity 11886K, committed 12160K, reserved 1060864K
  class space    used 1090K, capacity 1299K, committed 1408K, reserved 1048576K
}
Event: 1.394 GC heap before
{Heap before GC invocations=20 (full 0):
 garbage-first heap   total 24576K, used 16566K [0x0000000082e00000, 0x0000000100000000)
  region size 1024K, 6 young (6144K), 1 survivors (1024K)
 Metaspace       used 10427K, capacity 12532K, committed 12672K, reserved 1060864K
  class space    used 1156K, capacity 1365K, committed 1408K, reserved 1048576K
}
Event: 1.400 GC heap after
{Heap after GC invocations=21 (full 0):
 garbage-first heap   total 24576K, used 12082K [0x0000000082e00000, 0x0000000100000000)
  region size 1024K, 1 young (1024K), 1 survivors (1024K)
 Metaspace       used 10427K, capacity 12532K, committed 12672K, reserved 1060864K
  class space    used 1156K, capacity 1365K, committed 1408K, reserved 1048576K
}
Event: 1.640 GC heap before
{Heap before GC invocations=21 (full 0):
 garbage-first heap   total 24576K, used 16178K [0x0000000082e00000, 0x0000000100000000)
  region size 1024K, 6 young (6144K), 1 survivors (1024K)
 Metaspace       used 11243K, capacity 13300K, committed 13568K, reserved 1060864K
  class space    used 1224K, capacity 1429K, committed 1536K, reserved 1048576K
}
Event: 1.644 GC heap after
{Heap after GC invocations=22 (full 0):
 garbage-first heap   total 47104K, used 12732K [0x0000000082e00000, 0x0000000100000000)
  region size 1024K, 1 young (1024K), 1 survivors (1024K)
 Metaspace       used 11243K, capacity 13300K, committed 13568K, reserved 1060864K
  class space    used 1224K, capacity 1429K, committed 1536K, reserved 1048576K
}

