# JRE version: Java(TM) SE Runtime Environment (15.0.2+7) (build 15.0.2+7-27)
# Java VM: Java HotSpot(TM) 64-Bit Server VM (15.0.2+7-27, mixed mode, sharing, tiered, compressed oops, g1 gc, windows-amd64)
GC Precious Log:
 CPUs: 8 total, 8 available
 Memory: 8000M
 Large Page Support: Disabled
 NUMA Support: Disabled
 Compressed Oops: Enabled (32-bit)
 Heap Region Size: 1M
 Heap Min Capacity: 8M
 Heap Initial Capacity: 8M
 Heap Max Capacity: 2002M
 Pre-touch: Disabled
 Parallel Workers: 8
 Concurrent Workers: 2
 Concurrent Refinement Workers: 8
 Periodic GC: Disabled
Heap:
 garbage-first heap   total 51200K, used 13489K [0x0000000082e00000, 0x0000000100000000)
  region size 1024K, 1 young (1024K), 1 survivors (1024K)
 Metaspace       used 11271K, capacity 13300K, committed 13568K, reserved 1060864K
  class space    used 1227K, capacity 1429K, committed 1536K, reserved 1048576K
GC Heap History (20 events):
Event: 0.762 GC heap after
{Heap after GC invocations=11 (full 0):
 garbage-first heap   total 13312K, used 5531K [0x0000000082e00000, 0x0000000100000000)
  region size 1024K, 1 young (1024K), 1 survivors (1024K)
 Metaspace       used 8839K, capacity 11343K, committed 11520K, reserved 1058816K
  class space    used 997K, capacity 1225K, committed 1280K, reserved 1048576K
}
Event: 0.783 GC heap before
{Heap before GC invocations=11 (full 0):
 garbage-first heap   total 13312K, used 5531K [0x0000000082e00000, 0x0000000100000000)
  region size 1024K, 2 young (2048K), 1 survivors (1024K)
 Metaspace       used 8857K, capacity 11343K, committed 11520K, reserved 1058816K
  class space    used 998K, capacity 1225K, committed 1280K, reserved 1048576K
}
Event: 0.785 GC heap after
{Heap after GC invocations=12 (full 0):
 garbage-first heap   total 13312K, used 5582K [0x0000000082e00000, 0x0000000100000000)
  region size 1024K, 1 young (1024K), 1 survivors (1024K)
 Metaspace       used 8857K, capacity 11343K, committed 11520K, reserved 1058816K
  class space    used 998K, capacity 1225K, committed 1280K, reserved 1048576K
}
Event: 0.791 GC heap before
{Heap before GC invocations=12 (full 0):
 garbage-first heap   total 13312K, used 6606K [0x0000000082e00000, 0x0000000100000000)
  region size 1024K, 2 young (2048K), 1 survivors (1024K)
 Metaspace       used 8857K, capacity 11343K, committed 11520K, reserved 1058816K
  class space    used 998K, capacity 1225K, committed 1280K, reserved 1048576K
}
Event: 0.793 GC heap after
{Heap after GC invocations=13 (full 0):
 garbage-first heap   total 16384K, used 6362K [0x0000000082e00000, 0x0000000100000000)
  region size 1024K, 1 young (1024K), 1 survivors (1024K)
 Metaspace       used 8857K, capacity 11343K, committed 11520K, reserved 1058816K
  class space    used 998K, capacity 1225K, committed 1280K, reserved 1048576K
}
Event: 0.824 GC heap before
{Heap before GC invocations=13 (full 0):
 garbage-first heap   total 16384K, used 8410K [0x0000000082e00000, 0x0000000100000000)
  region size 1024K, 3 young (3072K), 1 survivors (1024K)
 Metaspace       used 8900K, capacity 11343K, committed 11520K, reserved 1058816K
  class space    used 998K, capacity 1225K, committed 1280K, reserved 1048576K
}
Event: 0.825 GC heap after
{Heap after GC invocations=14 (full 0):
 garbage-first heap   total 16384K, used 6517K [0x0000000082e00000, 0x0000000100000000)
  region size 1024K, 1 young (1024K), 1 survivors (1024K)
 Metaspace       used 8900K, capacity 11343K, committed 11520K, reserved 1058816K
  class space    used 998K, capacity 1225K, committed 1280K, reserved 1048576K
}
Event: 0.872 GC heap before
{Heap before GC invocations=15 (full 0):
 garbage-first heap   total 16384K, used 7541K [0x0000000082e00000, 0x0000000100000000)
  region size 1024K, 3 young (3072K), 1 survivors (1024K)
 Metaspace       used 9050K, capacity 11454K, committed 11520K, reserved 1058816K
  class space    used 1023K, capacity 1262K, committed 1280K, reserved 1048576K
}
Event: 0.874 GC heap after
{Heap after GC invocations=16 (full 0):
 garbage-first heap   total 16384K, used 7342K [0x0000000082e00000, 0x0000000100000000)
  region size 1024K, 1 young (1024K), 1 survivors (1024K)
 Metaspace       used 9050K, capacity 11454K, committed 11520K, reserved 1058816K
  class space    used 1023K, capacity 1262K, committed 1280K, reserved 1048576K
}
Event: 0.910 GC heap before
{Heap before GC invocations=16 (full 0):
 garbage-first heap   total 16384K, used 9390K [0x0000000082e00000, 0x0000000100000000)
  region size 1024K, 3 young (3072K), 1 survivors (1024K)
 Metaspace       used 9215K, capacity 11527K, committed 11776K, reserved 1060864K
  class space    used 1044K, capacity 1265K, committed 1280K, reserved 1048576K
}
Event: 0.913 GC heap after
{Heap after GC invocations=17 (full 0):
 garbage-first heap   total 16384K, used 7748K [0x0000000082e00000, 0x0000000100000000)
  region size 1024K, 1 young (1024K), 1 survivors (1024K)
 Metaspace       used 9215K, capacity 11527K, committed 11776K, reserved 1060864K
  class space    used 1044K, capacity 1265K, committed 1280K, reserved 1048576K
}
Event: 0.944 GC heap before
{Heap before GC invocations=17 (full 0):
 garbage-first heap   total 16384K, used 9796K [0x0000000082e00000, 0x0000000100000000)
  region size 1024K, 3 young (3072K), 1 survivors (1024K)
 Metaspace       used 9309K, capacity 11594K, committed 11776K, reserved 1060864K
  class space    used 1051K, capacity 1266K, committed 1280K, reserved 1048576K
}
Event: 0.946 GC heap after
{Heap after GC invocations=18 (full 0):
 garbage-first heap   total 25600K, used 7883K [0x0000000082e00000, 0x0000000100000000)
  region size 1024K, 1 young (1024K), 1 survivors (1024K)
 Metaspace       used 9309K, capacity 11594K, committed 11776K, reserved 1060864K
  class space    used 1051K, capacity 1266K, committed 1280K, reserved 1048576K
}
Event: 1.018 GC heap before
{Heap before GC invocations=19 (full 0):
 garbage-first heap   total 25600K, used 14027K [0x0000000082e00000, 0x0000000100000000)
  region size 1024K, 7 young (7168K), 1 survivors (1024K)
 Metaspace       used 9508K, capacity 11754K, committed 11904K, reserved 1060864K
  class space    used 1070K, capacity 1298K, committed 1408K, reserved 1048576K
}
Event: 1.021 GC heap after
{Heap after GC invocations=20 (full 0):
 garbage-first heap   total 25600K, used 8766K [0x0000000082e00000, 0x0000000100000000)
  region size 1024K, 1 young (1024K), 1 survivors (1024K)
 Metaspace       used 9508K, capacity 11754K, committed 11904K, reserved 1060864K
  class space    used 1070K, capacity 1298K, committed 1408K, reserved 1048576K
}
Event: 1.134 GC heap before
{Heap before GC invocations=20 (full 0):
 garbage-first heap   total 25600K, used 16958K [0x0000000082e00000, 0x0000000100000000)
  region size 1024K, 9 young (9216K), 1 survivors (1024K)
 Metaspace       used 9857K, capacity 12110K, committed 12416K, reserved 1060864K
  class space    used 1100K, capacity 1331K, committed 1408K, reserved 1048576K
}
Event: 1.139 GC heap after
{Heap after GC invocations=21 (full 0):
 garbage-first heap   total 25600K, used 10807K [0x0000000082e00000, 0x0000000100000000)
  region size 1024K, 2 young (2048K), 2 survivors (2048K)
 Metaspace       used 9857K, capacity 12110K, committed 12416K, reserved 1060864K
  class space    used 1100K, capacity 1331K, committed 1408K, reserved 1048576K
}
Event: 1.407 GC heap before
{Heap before GC invocations=21 (full 0):
 garbage-first heap   total 25600K, used 17975K [0x0000000082e00000, 0x0000000100000000)
  region size 1024K, 8 young (8192K), 2 survivors (2048K)
 Metaspace       used 10669K, capacity 12756K, committed 12928K, reserved 1060864K
  class space    used 1176K, capacity 1397K, committed 1408K, reserved 1048576K
}
Event: 1.414 GC heap after
{Heap after GC invocations=22 (full 0):
 garbage-first heap   total 25600K, used 12807K [0x0000000082e00000, 0x0000000100000000)
  region size 1024K, 1 young (1024K), 1 survivors (1024K)
 Metaspace       used 10669K, capacity 12756K, committed 12928K, reserved 1060864K
  class space    used 1176K, capacity 1397K, committed 1408K, reserved 1048576K
}
Event: 1.585 GC heap before
{Heap before GC invocations=22 (full 0):
 garbage-first heap   total 25600K, used 17927K [0x0000000082e00000, 0x0000000100000000)
  region size 1024K, 6 young (6144K), 1 survivors (1024K)
 Metaspace       used 11271K, capacity 13300K, committed 13568K, reserved 1060864K
  class space    used 1227K, capacity 1429K, committed 1536K, reserved 1048576K
}

