# JRE version: Java(TM) SE Runtime Environment (15.0.2+7) (build 15.0.2+7-27)
# Java VM: Java HotSpot(TM) 64-Bit Server VM (15.0.2+7-27, mixed mode, sharing, tiered, compressed oops, g1 gc, windows-amd64)
GC Precious Log:
 CPUs: 8 total, 8 available
 Memory: 8000M
 Large Page Support: Disabled
 NUMA Support: Disabled
 Compressed Oops: Enabled (32-bit)
 Heap Region Size: 1M
 Heap Min Capacity: 8M
 Heap Initial Capacity: 8M
 Heap Max Capacity: 2002M
 Pre-touch: Disabled
 Parallel Workers: 8
 Concurrent Workers: 2
 Concurrent Refinement Workers: 8
 Periodic GC: Disabled
Heap:
 garbage-first heap   total 41984K, used 11738K [0x0000000082e00000, 0x0000000100000000)
  region size 1024K, 1 young (1024K), 1 survivors (1024K)
 Metaspace       used 10394K, capacity 12468K, committed 12672K, reserved 1060864K
  class space    used 1156K, capacity 1365K, committed 1408K, reserved 1048576K
GC Heap History (20 events):
Event: 0.933 GC heap after
{Heap after GC invocations=12 (full 0):
 garbage-first heap   total 12288K, used 5620K [0x0000000082e00000, 0x0000000100000000)
  region size 1024K, 1 young (1024K), 1 survivors (1024K)
 Metaspace       used 8864K, capacity 11343K, committed 11520K, reserved 1058816K
  class space    used 998K, capacity 1225K, committed 1280K, reserved 1048576K
}
Event: 0.939 GC heap before
{Heap before GC invocations=12 (full 0):
 garbage-first heap   total 12288K, used 6644K [0x0000000082e00000, 0x0000000100000000)
  region size 1024K, 2 young (2048K), 1 survivors (1024K)
 Metaspace       used 8864K, capacity 11343K, committed 11520K, reserved 1058816K
  class space    used 998K, capacity 1225K, committed 1280K, reserved 1048576K
}
Event: 0.941 GC heap after
{Heap after GC invocations=13 (full 0):
 garbage-first heap   total 12288K, used 6413K [0x0000000082e00000, 0x0000000100000000)
  region size 1024K, 1 young (1024K), 1 survivors (1024K)
 Metaspace       used 8864K, capacity 11343K, committed 11520K, reserved 1058816K
  class space    used 998K, capacity 1225K, committed 1280K, reserved 1048576K
}
Event: 0.950 GC heap before
{Heap before GC invocations=13 (full 0):
 garbage-first heap   total 12288K, used 7437K [0x0000000082e00000, 0x0000000100000000)
  region size 1024K, 2 young (2048K), 1 survivors (1024K)
 Metaspace       used 8880K, capacity 11343K, committed 11520K, reserved 1058816K
  class space    used 998K, capacity 1225K, committed 1280K, reserved 1048576K
}
Event: 0.951 GC heap after
{Heap after GC invocations=14 (full 0):
 garbage-first heap   total 15360K, used 6434K [0x0000000082e00000, 0x0000000100000000)
  region size 1024K, 1 young (1024K), 1 survivors (1024K)
 Metaspace       used 8880K, capacity 11343K, committed 11520K, reserved 1058816K
  class space    used 998K, capacity 1225K, committed 1280K, reserved 1048576K
}
Event: 0.989 GC heap before
{Heap before GC invocations=15 (full 0):
 garbage-first heap   total 15360K, used 6434K [0x0000000082e00000, 0x0000000100000000)
  region size 1024K, 2 young (2048K), 1 survivors (1024K)
 Metaspace       used 8902K, capacity 11343K, committed 11520K, reserved 1058816K
  class space    used 998K, capacity 1225K, committed 1280K, reserved 1048576K
}
Event: 0.990 GC heap after
{Heap after GC invocations=16 (full 0):
 garbage-first heap   total 15360K, used 6510K [0x0000000082e00000, 0x0000000100000000)
  region size 1024K, 1 young (1024K), 1 survivors (1024K)
 Metaspace       used 8902K, capacity 11343K, committed 11520K, reserved 1058816K
  class space    used 998K, capacity 1225K, committed 1280K, reserved 1048576K
}
Event: 1.035 GC heap before
{Heap before GC invocations=16 (full 0):
 garbage-first heap   total 15360K, used 8558K [0x0000000082e00000, 0x0000000100000000)
  region size 1024K, 3 young (3072K), 1 survivors (1024K)
 Metaspace       used 9052K, capacity 11454K, committed 11520K, reserved 1058816K
  class space    used 1023K, capacity 1262K, committed 1280K, reserved 1048576K
}
Event: 1.037 GC heap after
{Heap after GC invocations=17 (full 0):
 garbage-first heap   total 15360K, used 7384K [0x0000000082e00000, 0x0000000100000000)
  region size 1024K, 1 young (1024K), 1 survivors (1024K)
 Metaspace       used 9052K, capacity 11454K, committed 11520K, reserved 1058816K
  class space    used 1023K, capacity 1262K, committed 1280K, reserved 1048576K
}
Event: 1.086 GC heap before
{Heap before GC invocations=18 (full 0):
 garbage-first heap   total 15360K, used 9432K [0x0000000082e00000, 0x0000000100000000)
  region size 1024K, 3 young (3072K), 1 survivors (1024K)
 Metaspace       used 9217K, capacity 11527K, committed 11776K, reserved 1060864K
  class space    used 1044K, capacity 1265K, committed 1280K, reserved 1048576K
}
Event: 1.089 GC heap after
{Heap after GC invocations=19 (full 0):
 garbage-first heap   total 15360K, used 7714K [0x0000000082e00000, 0x0000000100000000)
  region size 1024K, 1 young (1024K), 1 survivors (1024K)
 Metaspace       used 9217K, capacity 11527K, committed 11776K, reserved 1060864K
  class space    used 1044K, capacity 1265K, committed 1280K, reserved 1048576K
}
Event: 1.104 GC heap before
{Heap before GC invocations=19 (full 0):
 garbage-first heap   total 15360K, used 8738K [0x0000000082e00000, 0x0000000100000000)
  region size 1024K, 2 young (2048K), 1 survivors (1024K)
 Metaspace       used 9253K, capacity 11527K, committed 11776K, reserved 1060864K
  class space    used 1044K, capacity 1265K, committed 1280K, reserved 1048576K
}
Event: 1.106 GC heap after
{Heap after GC invocations=20 (full 0):
 garbage-first heap   total 22528K, used 7839K [0x0000000082e00000, 0x0000000100000000)
  region size 1024K, 1 young (1024K), 1 survivors (1024K)
 Metaspace       used 9253K, capacity 11527K, committed 11776K, reserved 1060864K
  class space    used 1044K, capacity 1265K, committed 1280K, reserved 1048576K
}
Event: 1.198 GC heap before
{Heap before GC invocations=21 (full 0):
 garbage-first heap   total 22528K, used 12959K [0x0000000082e00000, 0x0000000100000000)
  region size 1024K, 6 young (6144K), 1 survivors (1024K)
 Metaspace       used 9342K, capacity 11594K, committed 11776K, reserved 1060864K
  class space    used 1051K, capacity 1266K, committed 1280K, reserved 1048576K
}
Event: 1.201 GC heap after
{Heap after GC invocations=22 (full 0):
 garbage-first heap   total 22528K, used 8376K [0x0000000082e00000, 0x0000000100000000)
  region size 1024K, 1 young (1024K), 1 survivors (1024K)
 Metaspace       used 9342K, capacity 11594K, committed 11776K, reserved 1060864K
  class space    used 1051K, capacity 1266K, committed 1280K, reserved 1048576K
}
Event: 1.285 GC heap before
{Heap before GC invocations=22 (full 0):
 garbage-first heap   total 22528K, used 14520K [0x0000000082e00000, 0x0000000100000000)
  region size 1024K, 7 young (7168K), 1 survivors (1024K)
 Metaspace       used 9594K, capacity 11754K, committed 11904K, reserved 1060864K
  class space    used 1071K, capacity 1298K, committed 1408K, reserved 1048576K
}
Event: 1.290 GC heap after
{Heap after GC invocations=23 (full 0):
 garbage-first heap   total 22528K, used 10121K [0x0000000082e00000, 0x0000000100000000)
  region size 1024K, 1 young (1024K), 1 survivors (1024K)
 Metaspace       used 9594K, capacity 11754K, committed 11904K, reserved 1060864K
  class space    used 1071K, capacity 1298K, committed 1408K, reserved 1048576K
}
Event: 1.349 GC heap before
{Heap before GC invocations=23 (full 0):
 garbage-first heap   total 22528K, used 15241K [0x0000000082e00000, 0x0000000100000000)
  region size 1024K, 6 young (6144K), 1 survivors (1024K)
 Metaspace       used 9870K, capacity 12110K, committed 12416K, reserved 1060864K
  class space    used 1103K, capacity 1331K, committed 1408K, reserved 1048576K
}
Event: 1.354 GC heap after
{Heap after GC invocations=24 (full 0):
 garbage-first heap   total 22528K, used 10988K [0x0000000082e00000, 0x0000000100000000)
  region size 1024K, 1 young (1024K), 1 survivors (1024K)
 Metaspace       used 9870K, capacity 12110K, committed 12416K, reserved 1060864K
  class space    used 1103K, capacity 1331K, committed 1408K, reserved 1048576K
}
Event: 1.488 GC heap before
{Heap before GC invocations=24 (full 0):
 garbage-first heap   total 22528K, used 14060K [0x0000000082e00000, 0x0000000100000000)
  region size 1024K, 5 young (5120K), 1 survivors (1024K)
 Metaspace       used 10394K, capacity 12468K, committed 12672K, reserved 1060864K
  class space    used 1156K, capacity 1365K, committed 1408K, reserved 1048576K
}

