# JRE version: Java(TM) SE Runtime Environment (15.0.2+7) (build 15.0.2+7-27)
# Java VM: Java HotSpot(TM) 64-Bit Server VM (15.0.2+7-27, mixed mode, sharing, tiered, compressed oops, g1 gc, windows-amd64)
GC Precious Log:
 CPUs: 8 total, 8 available
 Memory: 8000M
 Large Page Support: Disabled
 NUMA Support: Disabled
 Compressed Oops: Enabled (32-bit)
 Heap Region Size: 1M
 Heap Min Capacity: 8M
 Heap Initial Capacity: 8M
 Heap Max Capacity: 2002M
 Pre-touch: Disabled
 Parallel Workers: 8
 Concurrent Workers: 2
 Concurrent Refinement Workers: 8
 Periodic GC: Disabled
Heap:
 garbage-first heap   total 24576K, used 7829K [0x0000000082e00000, 0x0000000100000000)
  region size 1024K, 1 young (1024K), 1 survivors (1024K)
 Metaspace       used 9361K, capacity 11594K, committed 11776K, reserved 1060864K
  class space    used 1052K, capacity 1266K, committed 1280K, reserved 1048576K
GC Heap History (20 events):
Event: 0.637 GC heap after
{Heap after GC invocations=7 (full 0):
 garbage-first heap   total 10240K, used 3909K [0x0000000082e00000, 0x0000000100000000)
  region size 1024K, 1 young (1024K), 1 survivors (1024K)
 Metaspace       used 8189K, capacity 11113K, committed 11264K, reserved 1058816K
  class space    used 924K, capacity 1191K, committed 1280K, reserved 1048576K
}
Event: 0.699 GC heap before
{Heap before GC invocations=7 (full 0):
 garbage-first heap   total 10240K, used 4933K [0x0000000082e00000, 0x0000000100000000)
  region size 1024K, 2 young (2048K), 1 survivors (1024K)
 Metaspace       used 8682K, capacity 11337K, committed 11520K, reserved 1058816K
  class space    used 985K, capacity 1223K, committed 1280K, reserved 1048576K
}
Event: 0.701 GC heap after
{Heap after GC invocations=8 (full 0):
 garbage-first heap   total 10240K, used 4592K [0x0000000082e00000, 0x0000000100000000)
  region size 1024K, 1 young (1024K), 1 survivors (1024K)
 Metaspace       used 8682K, capacity 11337K, committed 11520K, reserved 1058816K
  class space    used 985K, capacity 1223K, committed 1280K, reserved 1048576K
}
Event: 0.723 GC heap before
{Heap before GC invocations=8 (full 0):
 garbage-first heap   total 10240K, used 5616K [0x0000000082e00000, 0x0000000100000000)
  region size 1024K, 2 young (2048K), 1 survivors (1024K)
 Metaspace       used 8699K, capacity 11343K, committed 11520K, reserved 1058816K
  class space    used 987K, capacity 1225K, committed 1280K, reserved 1048576K
}
Event: 0.725 GC heap after
{Heap after GC invocations=9 (full 0):
 garbage-first heap   total 13312K, used 5074K [0x0000000082e00000, 0x0000000100000000)
  region size 1024K, 1 young (1024K), 1 survivors (1024K)
 Metaspace       used 8699K, capacity 11343K, committed 11520K, reserved 1058816K
  class space    used 987K, capacity 1225K, committed 1280K, reserved 1048576K
}
Event: 0.753 GC heap before
{Heap before GC invocations=9 (full 0):
 garbage-first heap   total 13312K, used 6098K [0x0000000082e00000, 0x0000000100000000)
  region size 1024K, 2 young (2048K), 1 survivors (1024K)
 Metaspace       used 8740K, capacity 11343K, committed 11520K, reserved 1058816K
  class space    used 988K, capacity 1225K, committed 1280K, reserved 1048576K
}
Event: 0.754 GC heap after
{Heap after GC invocations=10 (full 0):
 garbage-first heap   total 13312K, used 4967K [0x0000000082e00000, 0x0000000100000000)
  region size 1024K, 1 young (1024K), 1 survivors (1024K)
 Metaspace       used 8740K, capacity 11343K, committed 11520K, reserved 1058816K
  class space    used 988K, capacity 1225K, committed 1280K, reserved 1048576K
}
Event: 0.810 GC heap before
{Heap before GC invocations=10 (full 0):
 garbage-first heap   total 13312K, used 5991K [0x0000000082e00000, 0x0000000100000000)
  region size 1024K, 2 young (2048K), 1 survivors (1024K)
 Metaspace       used 8886K, capacity 11407K, committed 11520K, reserved 1058816K
  class space    used 998K, capacity 1225K, committed 1280K, reserved 1048576K
}
Event: 0.812 GC heap after
{Heap after GC invocations=11 (full 0):
 garbage-first heap   total 13312K, used 5428K [0x0000000082e00000, 0x0000000100000000)
  region size 1024K, 1 young (1024K), 1 survivors (1024K)
 Metaspace       used 8886K, capacity 11407K, committed 11520K, reserved 1058816K
  class space    used 998K, capacity 1225K, committed 1280K, reserved 1048576K
}
Event: 0.848 GC heap before
{Heap before GC invocations=11 (full 0):
 garbage-first heap   total 13312K, used 5428K [0x0000000082e00000, 0x0000000100000000)
  region size 1024K, 2 young (2048K), 1 survivors (1024K)
 Metaspace       used 8905K, capacity 11407K, committed 11520K, reserved 1058816K
  class space    used 998K, capacity 1225K, committed 1280K, reserved 1048576K
}
Event: 0.850 GC heap after
{Heap after GC invocations=12 (full 0):
 garbage-first heap   total 13312K, used 5519K [0x0000000082e00000, 0x0000000100000000)
  region size 1024K, 1 young (1024K), 1 survivors (1024K)
 Metaspace       used 8905K, capacity 11407K, committed 11520K, reserved 1058816K
  class space    used 998K, capacity 1225K, committed 1280K, reserved 1048576K
}
Event: 0.855 GC heap before
{Heap before GC invocations=12 (full 0):
 garbage-first heap   total 13312K, used 6543K [0x0000000082e00000, 0x0000000100000000)
  region size 1024K, 2 young (2048K), 1 survivors (1024K)
 Metaspace       used 8905K, capacity 11407K, committed 11520K, reserved 1058816K
  class space    used 998K, capacity 1225K, committed 1280K, reserved 1048576K
}
Event: 0.857 GC heap after
{Heap after GC invocations=13 (full 0):
 garbage-first heap   total 16384K, used 6315K [0x0000000082e00000, 0x0000000100000000)
  region size 1024K, 1 young (1024K), 1 survivors (1024K)
 Metaspace       used 8905K, capacity 11407K, committed 11520K, reserved 1058816K
  class space    used 998K, capacity 1225K, committed 1280K, reserved 1048576K
}
Event: 0.901 GC heap before
{Heap before GC invocations=14 (full 0):
 garbage-first heap   total 16384K, used 7339K [0x0000000082e00000, 0x0000000100000000)
  region size 1024K, 3 young (3072K), 1 survivors (1024K)
 Metaspace       used 8946K, capacity 11407K, committed 11520K, reserved 1058816K
  class space    used 999K, capacity 1225K, committed 1280K, reserved 1048576K
}
Event: 0.902 GC heap after
{Heap after GC invocations=15 (full 0):
 garbage-first heap   total 16384K, used 6478K [0x0000000082e00000, 0x0000000100000000)
  region size 1024K, 1 young (1024K), 1 survivors (1024K)
 Metaspace       used 8946K, capacity 11407K, committed 11520K, reserved 1058816K
  class space    used 999K, capacity 1225K, committed 1280K, reserved 1048576K
}
Event: 0.966 GC heap before
{Heap before GC invocations=15 (full 0):
 garbage-first heap   total 16384K, used 8526K [0x0000000082e00000, 0x0000000100000000)
  region size 1024K, 3 young (3072K), 1 survivors (1024K)
 Metaspace       used 9098K, capacity 11454K, committed 11520K, reserved 1058816K
  class space    used 1023K, capacity 1262K, committed 1280K, reserved 1048576K
}
Event: 0.969 GC heap after
{Heap after GC invocations=16 (full 0):
 garbage-first heap   total 16384K, used 7298K [0x0000000082e00000, 0x0000000100000000)
  region size 1024K, 1 young (1024K), 1 survivors (1024K)
 Metaspace       used 9098K, capacity 11454K, committed 11520K, reserved 1058816K
  class space    used 1023K, capacity 1262K, committed 1280K, reserved 1048576K
}
Event: 1.021 GC heap before
{Heap before GC invocations=16 (full 0):
 garbage-first heap   total 16384K, used 9346K [0x0000000082e00000, 0x0000000100000000)
  region size 1024K, 3 young (3072K), 1 survivors (1024K)
 Metaspace       used 9262K, capacity 11527K, committed 11776K, reserved 1060864K
  class space    used 1045K, capacity 1265K, committed 1280K, reserved 1048576K
}
Event: 1.024 GC heap after
{Heap after GC invocations=17 (full 0):
 garbage-first heap   total 16384K, used 7705K [0x0000000082e00000, 0x0000000100000000)
  region size 1024K, 1 young (1024K), 1 survivors (1024K)
 Metaspace       used 9262K, capacity 11527K, committed 11776K, reserved 1060864K
  class space    used 1045K, capacity 1265K, committed 1280K, reserved 1048576K
}
Event: 1.060 GC heap before
{Heap before GC invocations=17 (full 0):
 garbage-first heap   total 16384K, used 9753K [0x0000000082e00000, 0x0000000100000000)
  region size 1024K, 3 young (3072K), 1 survivors (1024K)
 Metaspace       used 9361K, capacity 11594K, committed 11776K, reserved 1060864K
  class space    used 1052K, capacity 1266K, committed 1280K, reserved 1048576K
}

