# JRE version: Java(TM) SE Runtime Environment (15.0.2+7) (build 15.0.2+7-27)
# Java VM: Java HotSpot(TM) 64-Bit Server VM (15.0.2+7-27, mixed mode, sharing, tiered, compressed oops, g1 gc, windows-amd64)
GC Precious Log:
 CPUs: 8 total, 8 available
 Memory: 8000M
 Large Page Support: Disabled
 NUMA Support: Disabled
 Compressed Oops: Enabled (32-bit)
 Heap Region Size: 1M
 Heap Min Capacity: 8M
 Heap Initial Capacity: 8M
 Heap Max Capacity: 2002M
 Pre-touch: Disabled
 Parallel Workers: 8
 Concurrent Workers: 2
 Concurrent Refinement Workers: 8
 Periodic GC: Disabled
Heap:
 garbage-first heap   total 48128K, used 14450K [0x0000000082e00000, 0x0000000100000000)
  region size 1024K, 3 young (3072K), 1 survivors (1024K)
 Metaspace       used 11650K, capacity 13653K, committed 13824K, reserved 1060864K
  class space    used 1256K, capacity 1461K, committed 1536K, reserved 1048576K
GC Heap History (20 events):
Event: 0.801 GC heap before
{Heap before GC invocations=11 (full 0):
 garbage-first heap   total 13312K, used 5464K [0x0000000082e00000, 0x0000000100000000)
  region size 1024K, 2 young (2048K), 1 survivors (1024K)
 Metaspace       used 8861K, capacity 11343K, committed 11520K, reserved 1058816K
  class space    used 998K, capacity 1225K, committed 1280K, reserved 1048576K
}
Event: 0.802 GC heap after
{Heap after GC invocations=12 (full 0):
 garbage-first heap   total 13312K, used 5608K [0x0000000082e00000, 0x0000000100000000)
  region size 1024K, 1 young (1024K), 1 survivors (1024K)
 Metaspace       used 8861K, capacity 11343K, committed 11520K, reserved 1058816K
  class space    used 998K, capacity 1225K, committed 1280K, reserved 1048576K
}
Event: 0.807 GC heap before
{Heap before GC invocations=12 (full 0):
 garbage-first heap   total 13312K, used 6632K [0x0000000082e00000, 0x0000000100000000)
  region size 1024K, 2 young (2048K), 1 survivors (1024K)
 Metaspace       used 8861K, capacity 11343K, committed 11520K, reserved 1058816K
  class space    used 998K, capacity 1225K, committed 1280K, reserved 1048576K
}
Event: 0.809 GC heap after
{Heap after GC invocations=13 (full 0):
 garbage-first heap   total 16384K, used 6393K [0x0000000082e00000, 0x0000000100000000)
  region size 1024K, 1 young (1024K), 1 survivors (1024K)
 Metaspace       used 8861K, capacity 11343K, committed 11520K, reserved 1058816K
  class space    used 998K, capacity 1225K, committed 1280K, reserved 1048576K
}
Event: 0.867 GC heap before
{Heap before GC invocations=14 (full 0):
 garbage-first heap   total 16384K, used 8441K [0x0000000082e00000, 0x0000000100000000)
  region size 1024K, 3 young (3072K), 1 survivors (1024K)
 Metaspace       used 8898K, capacity 11343K, committed 11520K, reserved 1058816K
  class space    used 998K, capacity 1225K, committed 1280K, reserved 1048576K
}
Event: 0.868 GC heap after
{Heap after GC invocations=15 (full 0):
 garbage-first heap   total 16384K, used 6545K [0x0000000082e00000, 0x0000000100000000)
  region size 1024K, 1 young (1024K), 1 survivors (1024K)
 Metaspace       used 8898K, capacity 11343K, committed 11520K, reserved 1058816K
  class space    used 998K, capacity 1225K, committed 1280K, reserved 1048576K
}
Event: 0.925 GC heap before
{Heap before GC invocations=15 (full 0):
 garbage-first heap   total 16384K, used 7569K [0x0000000082e00000, 0x0000000100000000)
  region size 1024K, 3 young (3072K), 1 survivors (1024K)
 Metaspace       used 9044K, capacity 11454K, committed 11520K, reserved 1058816K
  class space    used 1022K, capacity 1262K, committed 1280K, reserved 1048576K
}
Event: 0.928 GC heap after
{Heap after GC invocations=16 (full 0):
 garbage-first heap   total 16384K, used 7366K [0x0000000082e00000, 0x0000000100000000)
  region size 1024K, 1 young (1024K), 1 survivors (1024K)
 Metaspace       used 9044K, capacity 11454K, committed 11520K, reserved 1058816K
  class space    used 1022K, capacity 1262K, committed 1280K, reserved 1048576K
}
Event: 0.968 GC heap before
{Heap before GC invocations=16 (full 0):
 garbage-first heap   total 16384K, used 9414K [0x0000000082e00000, 0x0000000100000000)
  region size 1024K, 3 young (3072K), 1 survivors (1024K)
 Metaspace       used 9209K, capacity 11527K, committed 11776K, reserved 1060864K
  class space    used 1044K, capacity 1265K, committed 1280K, reserved 1048576K
}
Event: 0.971 GC heap after
{Heap after GC invocations=17 (full 0):
 garbage-first heap   total 16384K, used 7777K [0x0000000082e00000, 0x0000000100000000)
  region size 1024K, 1 young (1024K), 1 survivors (1024K)
 Metaspace       used 9209K, capacity 11527K, committed 11776K, reserved 1060864K
  class space    used 1044K, capacity 1265K, committed 1280K, reserved 1048576K
}
Event: 1.048 GC heap before
{Heap before GC invocations=17 (full 0):
 garbage-first heap   total 16384K, used 9825K [0x0000000082e00000, 0x0000000100000000)
  region size 1024K, 3 young (3072K), 1 survivors (1024K)
 Metaspace       used 9310K, capacity 11594K, committed 11776K, reserved 1060864K
  class space    used 1051K, capacity 1266K, committed 1280K, reserved 1048576K
}
Event: 1.051 GC heap after
{Heap after GC invocations=18 (full 0):
 garbage-first heap   total 25600K, used 7953K [0x0000000082e00000, 0x0000000100000000)
  region size 1024K, 1 young (1024K), 1 survivors (1024K)
 Metaspace       used 9310K, capacity 11594K, committed 11776K, reserved 1060864K
  class space    used 1051K, capacity 1266K, committed 1280K, reserved 1048576K
}
Event: 1.147 GC heap before
{Heap before GC invocations=19 (full 0):
 garbage-first heap   total 25600K, used 15121K [0x0000000082e00000, 0x0000000100000000)
  region size 1024K, 8 young (8192K), 1 survivors (1024K)
 Metaspace       used 9536K, capacity 11754K, committed 11904K, reserved 1060864K
  class space    used 1071K, capacity 1298K, committed 1408K, reserved 1048576K
}
Event: 1.151 GC heap after
{Heap after GC invocations=20 (full 0):
 garbage-first heap   total 25600K, used 9164K [0x0000000082e00000, 0x0000000100000000)
  region size 1024K, 1 young (1024K), 1 survivors (1024K)
 Metaspace       used 9536K, capacity 11754K, committed 11904K, reserved 1060864K
  class space    used 1071K, capacity 1298K, committed 1408K, reserved 1048576K
}
Event: 1.242 GC heap before
{Heap before GC invocations=20 (full 0):
 garbage-first heap   total 25600K, used 16332K [0x0000000082e00000, 0x0000000100000000)
  region size 1024K, 8 young (8192K), 1 survivors (1024K)
 Metaspace       used 9735K, capacity 11886K, committed 12160K, reserved 1060864K
  class space    used 1090K, capacity 1299K, committed 1408K, reserved 1048576K
}
Event: 1.248 GC heap after
{Heap after GC invocations=21 (full 0):
 garbage-first heap   total 25600K, used 10968K [0x0000000082e00000, 0x0000000100000000)
  region size 1024K, 1 young (1024K), 1 survivors (1024K)
 Metaspace       used 9735K, capacity 11886K, committed 12160K, reserved 1060864K
  class space    used 1090K, capacity 1299K, committed 1408K, reserved 1048576K
}
Event: 1.465 GC heap before
{Heap before GC invocations=21 (full 0):
 garbage-first heap   total 25600K, used 18136K [0x0000000082e00000, 0x0000000100000000)
  region size 1024K, 7 young (7168K), 1 survivors (1024K)
 Metaspace       used 10601K, capacity 12692K, committed 12928K, reserved 1060864K
  class space    used 1176K, capacity 1397K, committed 1408K, reserved 1048576K
}
Event: 1.471 GC heap after
{Heap after GC invocations=22 (full 0):
 garbage-first heap   total 25600K, used 12868K [0x0000000082e00000, 0x0000000100000000)
  region size 1024K, 1 young (1024K), 1 survivors (1024K)
 Metaspace       used 10601K, capacity 12692K, committed 12928K, reserved 1060864K
  class space    used 1176K, capacity 1397K, committed 1408K, reserved 1048576K
}
Event: 1.710 GC heap before
{Heap before GC invocations=22 (full 0):
 garbage-first heap   total 25600K, used 17988K [0x0000000082e00000, 0x0000000100000000)
  region size 1024K, 6 young (6144K), 1 survivors (1024K)
 Metaspace       used 11268K, capacity 13301K, committed 13568K, reserved 1060864K
  class space    used 1227K, capacity 1429K, committed 1536K, reserved 1048576K
}
Event: 1.715 GC heap after
{Heap after GC invocations=23 (full 0):
 garbage-first heap   total 48128K, used 13426K [0x0000000082e00000, 0x0000000100000000)
  region size 1024K, 1 young (1024K), 1 survivors (1024K)
 Metaspace       used 11268K, capacity 13301K, committed 13568K, reserved 1060864K
  class space    used 1227K, capacity 1429K, committed 1536K, reserved 1048576K
}

